# JRE version: OpenJDK Runtime Environment (8.0_152-b01) (build 1.8.0_152-release-1248-b01)
# Java VM: OpenJDK 64-Bit Server VM (25.152-b01 mixed mode linux-amd64 compressed oops)
Heap:
 PSYoungGen      total 400384K, used 11369K [0x00000000e0000000, 0x00000000fb700000, 0x0000000100000000)
  eden space 352256K, 0% used [0x00000000e0000000,0x00000000e0000000,0x00000000f5800000)
  from space 48128K, 23% used [0x00000000f5800000,0x00000000f631a490,0x00000000f8700000)
  to   space 48128K, 0% used [0x00000000f8700000,0x00000000f8700000,0x00000000fb600000)
 ParOldGen       total 148480K, used 114571K [0x00000000a0000000, 0x00000000a9100000, 0x00000000e0000000)
  object space 148480K, 77% used [0x00000000a0000000,0x00000000a6fe2cb8,0x00000000a9100000)
 Metaspace       used 70686K, capacity 73034K, committed 73264K, reserved 1112064K
  class space    used 9428K, capacity 9958K, committed 10032K, reserved 1048576K
GC Heap History (10 events):
Event: 10.857 GC heap after
Heap after GC invocations=17 (full 3):
 PSYoungGen      total 256512K, used 33489K [0x00000000e0000000, 0x00000000f3580000, 0x0000000100000000)
  eden space 216576K, 0% used [0x00000000e0000000,0x00000000e0000000,0x00000000ed380000)
  from space 39936K, 83% used [0x00000000efe80000,0x00000000f1f345c0,0x00000000f2580000)
  to   space 44032K, 0% used [0x00000000ed380000,0x00000000ed380000,0x00000000efe80000)
 ParOldGen       total 148480K, used 60772K [0x00000000a0000000, 0x00000000a9100000, 0x00000000e0000000)
  object space 148480K, 40% used [0x00000000a0000000,0x00000000a3b591a8,0x00000000a9100000)
 Metaspace       used 69105K, capacity 71192K, committed 71344K, reserved 1110016K
  class space    used 9277K, capacity 9787K, committed 9904K, reserved 1048576K
}
Event: 11.402 GC heap before
{Heap before GC invocations=18 (full 3):
 PSYoungGen      total 256512K, used 250065K [0x00000000e0000000, 0x00000000f3580000, 0x0000000100000000)
  eden space 216576K, 100% used [0x00000000e0000000,0x00000000ed380000,0x00000000ed380000)
  from space 39936K, 83% used [0x00000000efe80000,0x00000000f1f345c0,0x00000000f2580000)
  to   space 44032K, 0% used [0x00000000ed380000,0x00000000ed380000,0x00000000efe80000)
 ParOldGen       total 148480K, used 60772K [0x00000000a0000000, 0x00000000a9100000, 0x00000000e0000000)
  object space 148480K, 40% used [0x00000000a0000000,0x00000000a3b591a8,0x00000000a9100000)
 Metaspace       used 69319K, capacity 71496K, committed 71600K, reserved 1112064K
  class space    used 9289K, capacity 9819K, committed 9904K, reserved 1048576K
Event: 11.445 GC heap after
Heap after GC invocations=18 (full 3):
 PSYoungGen      total 260608K, used 36623K [0x00000000e0000000, 0x00000000f7300000, 0x0000000100000000)
  eden space 216576K, 0% used [0x00000000e0000000,0x00000000e0000000,0x00000000ed380000)
  from space 44032K, 83% used [0x00000000ed380000,0x00000000ef743ff8,0x00000000efe80000)
  to   space 48128K, 0% used [0x00000000f4400000,0x00000000f4400000,0x00000000f7300000)
 ParOldGen       total 148480K, used 60780K [0x00000000a0000000, 0x00000000a9100000, 0x00000000e0000000)
  object space 148480K, 40% used [0x00000000a0000000,0x00000000a3b5b1a8,0x00000000a9100000)
 Metaspace       used 69319K, capacity 71496K, committed 71600K, reserved 1112064K
  class space    used 9289K, capacity 9819K, committed 9904K, reserved 1048576K
}
Event: 12.008 GC heap before
{Heap before GC invocations=19 (full 3):
 PSYoungGen      total 260608K, used 253199K [0x00000000e0000000, 0x00000000f7300000, 0x0000000100000000)
  eden space 216576K, 100% used [0x00000000e0000000,0x00000000ed380000,0x00000000ed380000)
  from space 44032K, 83% used [0x00000000ed380000,0x00000000ef743ff8,0x00000000efe80000)
  to   space 48128K, 0% used [0x00000000f4400000,0x00000000f4400000,0x00000000f7300000)
 ParOldGen       total 148480K, used 60780K [0x00000000a0000000, 0x00000000a9100000, 0x00000000e0000000)
  object space 148480K, 40% used [0x00000000a0000000,0x00000000a3b5b1a8,0x00000000a9100000)
 Metaspace       used 70257K, capacity 72558K, committed 72752K, reserved 1112064K
  class space    used 9390K, capacity 9922K, committed 10032K, reserved 1048576K
Event: 12.064 GC heap after
Heap after GC invocations=19 (full 3):
 PSYoungGen      total 332800K, used 23769K [0x00000000e0000000, 0x00000000f7880000, 0x0000000100000000)
  eden space 284672K, 0% used [0x00000000e0000000,0x00000000e0000000,0x00000000f1600000)
  from space 48128K, 49% used [0x00000000f4400000,0x00000000f5b36640,0x00000000f7300000)
  to   space 47104K, 0% used [0x00000000f1600000,0x00000000f1600000,0x00000000f4400000)
 ParOldGen       total 148480K, used 80125K [0x00000000a0000000, 0x00000000a9100000, 0x00000000e0000000)
  object space 148480K, 53% used [0x00000000a0000000,0x00000000a4e3f5a8,0x00000000a9100000)
 Metaspace       used 70257K, capacity 72558K, committed 72752K, reserved 1112064K
  class space    used 9390K, capacity 9922K, committed 10032K, reserved 1048576K
}
Event: 12.722 GC heap before
{Heap before GC invocations=20 (full 3):
 PSYoungGen      total 332800K, used 308441K [0x00000000e0000000, 0x00000000f7880000, 0x0000000100000000)
  eden space 284672K, 100% used [0x00000000e0000000,0x00000000f1600000,0x00000000f1600000)
  from space 48128K, 49% used [0x00000000f4400000,0x00000000f5b36640,0x00000000f7300000)
  to   space 47104K, 0% used [0x00000000f1600000,0x00000000f1600000,0x00000000f4400000)
 ParOldGen       total 148480K, used 80125K [0x00000000a0000000, 0x00000000a9100000, 0x00000000e0000000)
  object space 148480K, 53% used [0x00000000a0000000,0x00000000a4e3f5a8,0x00000000a9100000)
 Metaspace       used 70612K, capacity 73028K, committed 73264K, reserved 1112064K
  class space    used 9425K, capacity 9957K, committed 10032K, reserved 1048576K
Event: 12.773 GC heap after
Heap after GC invocations=20 (full 3):
 PSYoungGen      total 331776K, used 31487K [0x00000000e0000000, 0x00000000fb600000, 0x0000000100000000)
  eden space 284672K, 0% used [0x00000000e0000000,0x00000000e0000000,0x00000000f1600000)
  from space 47104K, 66% used [0x00000000f1600000,0x00000000f34bfce8,0x00000000f4400000)
  to   space 48128K, 0% used [0x00000000f8700000,0x00000000f8700000,0x00000000fb600000)
 ParOldGen       total 148480K, used 88987K [0x00000000a0000000, 0x00000000a9100000, 0x00000000e0000000)
  object space 148480K, 59% used [0x00000000a0000000,0x00000000a56e6e58,0x00000000a9100000)
 Metaspace       used 70612K, capacity 73028K, committed 73264K, reserved 1112064K
  class space    used 9425K, capacity 9957K, committed 10032K, reserved 1048576K
}
Event: 13.336 GC heap before
{Heap before GC invocations=21 (full 3):
 PSYoungGen      total 331776K, used 316159K [0x00000000e0000000, 0x00000000fb600000, 0x0000000100000000)
  eden space 284672K, 100% used [0x00000000e0000000,0x00000000f1600000,0x00000000f1600000)
  from space 47104K, 66% used [0x00000000f1600000,0x00000000f34bfce8,0x00000000f4400000)
  to   space 48128K, 0% used [0x00000000f8700000,0x00000000f8700000,0x00000000fb600000)
 ParOldGen       total 148480K, used 88987K [0x00000000a0000000, 0x00000000a9100000, 0x00000000e0000000)
  object space 148480K, 59% used [0x00000000a0000000,0x00000000a56e6e58,0x00000000a9100000)
 Metaspace       used 70637K, capacity 73028K, committed 73264K, reserved 1112064K
  class space    used 9425K, capacity 9957K, committed 10032K, reserved 1048576K
Event: 13.376 GC heap after
Heap after GC invocations=21 (full 3):
 PSYoungGen      total 400384K, used 28511K [0x00000000e0000000, 0x00000000fb700000, 0x0000000100000000)
  eden space 352256K, 0% used [0x00000000e0000000,0x00000000e0000000,0x00000000f5800000)
  from space 48128K, 59% used [0x00000000f8700000,0x00000000fa2d7e88,0x00000000fb600000)
  to   space 48128K, 0% used [0x00000000f5800000,0x00000000f5800000,0x00000000f8700000)
 ParOldGen       total 148480K, used 94907K [0x00000000a0000000, 0x00000000a9100000, 0x00000000e0000000)
  object space 148480K, 63% used [0x00000000a0000000,0x00000000a5caee68,0x00000000a9100000)
 Metaspace       used 70637K, capacity 73028K, committed 73264K, reserved 1112064K
  class space    used 9425K, capacity 9957K, committed 10032K, reserved 1048576K
}
Event: 14.121 GC heap before
{Heap before GC invocations=22 (full 3):
 PSYoungGen      total 400384K, used 380767K [0x00000000e0000000, 0x00000000fb700000, 0x0000000100000000)
  eden space 352256K, 100% used [0x00000000e0000000,0x00000000f5800000,0x00000000f5800000)
  from space 48128K, 59% used [0x00000000f8700000,0x00000000fa2d7e88,0x00000000fb600000)
  to   space 48128K, 0% used [0x00000000f5800000,0x00000000f5800000,0x00000000f8700000)
 ParOldGen       total 148480K, used 94907K [0x00000000a0000000, 0x00000000a9100000, 0x00000000e0000000)
  object space 148480K, 63% used [0x00000000a0000000,0x00000000a5caee68,0x00000000a9100000)
 Metaspace       used 70686K, capacity 73034K, committed 73264K, reserved 1112064K
  class space    used 9428K, capacity 9958K, committed 10032K, reserved 1048576K

