# JRE version: OpenJDK Runtime Environment (8.0_152-b01) (build 1.8.0_152-release-1248-b01)
# Java VM: OpenJDK 64-Bit Server VM (25.152-b01 mixed mode linux-amd64 compressed oops)
Heap:
 PSYoungGen      total 415744K, used 19641K [0x00000000e0000000, 0x00000000fbb80000, 0x0000000100000000)
  eden space 378368K, 0% used [0x00000000e0000000,0x00000000e0000000,0x00000000f7180000)
  from space 37376K, 52% used [0x00000000f7180000,0x00000000f84ae478,0x00000000f9600000)
  to   space 37888K, 0% used [0x00000000f9600000,0x00000000f9600000,0x00000000fbb00000)
 ParOldGen       total 138752K, used 94859K [0x00000000a0000000, 0x00000000a8780000, 0x00000000e0000000)
  object space 138752K, 68% used [0x00000000a0000000,0x00000000a5ca2e18,0x00000000a8780000)
 Metaspace       used 70622K, capacity 72944K, committed 73264K, reserved 1112064K
  class space    used 9418K, capacity 9933K, committed 10032K, reserved 1048576K
GC Heap History (10 events):
Event: 10.081 GC heap after
Heap after GC invocations=15 (full 3):
 PSYoungGen      total 256000K, used 25454K [0x00000000e0000000, 0x00000000f2a00000, 0x0000000100000000)
  eden space 226304K, 0% used [0x00000000e0000000,0x00000000e0000000,0x00000000edd00000)
  from space 29696K, 85% used [0x00000000efd00000,0x00000000f15dba58,0x00000000f1a00000)
  to   space 32768K, 0% used [0x00000000edd00000,0x00000000edd00000,0x00000000efd00000)
 ParOldGen       total 138752K, used 72500K [0x00000000a0000000, 0x00000000a8780000, 0x00000000e0000000)
  object space 138752K, 52% used [0x00000000a0000000,0x00000000a46cd190,0x00000000a8780000)
 Metaspace       used 69369K, capacity 71626K, committed 71856K, reserved 1112064K
  class space    used 9369K, capacity 9892K, committed 9904K, reserved 1048576K
}
Event: 11.061 GC heap before
{Heap before GC invocations=16 (full 3):
 PSYoungGen      total 256000K, used 251758K [0x00000000e0000000, 0x00000000f2a00000, 0x0000000100000000)
  eden space 226304K, 100% used [0x00000000e0000000,0x00000000edd00000,0x00000000edd00000)
  from space 29696K, 85% used [0x00000000efd00000,0x00000000f15dba58,0x00000000f1a00000)
  to   space 32768K, 0% used [0x00000000edd00000,0x00000000edd00000,0x00000000efd00000)
 ParOldGen       total 138752K, used 72500K [0x00000000a0000000, 0x00000000a8780000, 0x00000000e0000000)
  object space 138752K, 52% used [0x00000000a0000000,0x00000000a46cd190,0x00000000a8780000)
 Metaspace       used 70009K, capacity 72290K, committed 72496K, reserved 1112064K
  class space    used 9409K, capacity 9932K, committed 10032K, reserved 1048576K
Event: 11.094 GC heap after
Heap after GC invocations=16 (full 3):
 PSYoungGen      total 259072K, used 23358K [0x00000000e0000000, 0x00000000f5b00000, 0x0000000100000000)
  eden space 226304K, 0% used [0x00000000e0000000,0x00000000e0000000,0x00000000edd00000)
  from space 32768K, 71% used [0x00000000edd00000,0x00000000ef3cf930,0x00000000efd00000)
  to   space 34304K, 0% used [0x00000000f3980000,0x00000000f3980000,0x00000000f5b00000)
 ParOldGen       total 138752K, used 72500K [0x00000000a0000000, 0x00000000a8780000, 0x00000000e0000000)
  object space 138752K, 52% used [0x00000000a0000000,0x00000000a46cd190,0x00000000a8780000)
 Metaspace       used 70009K, capacity 72290K, committed 72496K, reserved 1112064K
  class space    used 9409K, capacity 9932K, committed 10032K, reserved 1048576K
}
Event: 11.836 GC heap before
{Heap before GC invocations=17 (full 3):
 PSYoungGen      total 259072K, used 249662K [0x00000000e0000000, 0x00000000f5b00000, 0x0000000100000000)
  eden space 226304K, 100% used [0x00000000e0000000,0x00000000edd00000,0x00000000edd00000)
  from space 32768K, 71% used [0x00000000edd00000,0x00000000ef3cf930,0x00000000efd00000)
  to   space 34304K, 0% used [0x00000000f3980000,0x00000000f3980000,0x00000000f5b00000)
 ParOldGen       total 138752K, used 72500K [0x00000000a0000000, 0x00000000a8780000, 0x00000000e0000000)
  object space 138752K, 52% used [0x00000000a0000000,0x00000000a46cd190,0x00000000a8780000)
 Metaspace       used 70293K, capacity 72656K, committed 73008K, reserved 1112064K
  class space    used 9414K, capacity 9933K, committed 10032K, reserved 1048576K
Event: 11.871 GC heap after
Heap after GC invocations=17 (full 3):
 PSYoungGen      total 319488K, used 24470K [0x00000000e0000000, 0x00000000f6100000, 0x0000000100000000)
  eden space 285184K, 0% used [0x00000000e0000000,0x00000000e0000000,0x00000000f1680000)
  from space 34304K, 71% used [0x00000000f3980000,0x00000000f5165a98,0x00000000f5b00000)
  to   space 35840K, 0% used [0x00000000f1680000,0x00000000f1680000,0x00000000f3980000)
 ParOldGen       total 138752K, used 72508K [0x00000000a0000000, 0x00000000a8780000, 0x00000000e0000000)
  object space 138752K, 52% used [0x00000000a0000000,0x00000000a46cf190,0x00000000a8780000)
 Metaspace       used 70293K, capacity 72656K, committed 73008K, reserved 1112064K
  class space    used 9414K, capacity 9933K, committed 10032K, reserved 1048576K
}
Event: 12.674 GC heap before
{Heap before GC invocations=18 (full 3):
 PSYoungGen      total 319488K, used 309654K [0x00000000e0000000, 0x00000000f6100000, 0x0000000100000000)
  eden space 285184K, 100% used [0x00000000e0000000,0x00000000f1680000,0x00000000f1680000)
  from space 34304K, 71% used [0x00000000f3980000,0x00000000f5165a98,0x00000000f5b00000)
  to   space 35840K, 0% used [0x00000000f1680000,0x00000000f1680000,0x00000000f3980000)
 ParOldGen       total 138752K, used 72508K [0x00000000a0000000, 0x00000000a8780000, 0x00000000e0000000)
  object space 138752K, 52% used [0x00000000a0000000,0x00000000a46cf190,0x00000000a8780000)
 Metaspace       used 70517K, capacity 72868K, committed 73008K, reserved 1112064K
  class space    used 9416K, capacity 9933K, committed 10032K, reserved 1048576K
Event: 12.748 GC heap after
Heap after GC invocations=18 (full 3):
 PSYoungGen      total 321024K, used 26826K [0x00000000e0000000, 0x00000000fbb00000, 0x0000000100000000)
  eden space 285184K, 0% used [0x00000000e0000000,0x00000000e0000000,0x00000000f1680000)
  from space 35840K, 74% used [0x00000000f1680000,0x00000000f30b28f0,0x00000000f3980000)
  to   space 37888K, 0% used [0x00000000f9600000,0x00000000f9600000,0x00000000fbb00000)
 ParOldGen       total 138752K, used 72516K [0x00000000a0000000, 0x00000000a8780000, 0x00000000e0000000)
  object space 138752K, 52% used [0x00000000a0000000,0x00000000a46d1190,0x00000000a8780000)
 Metaspace       used 70517K, capacity 72868K, committed 73008K, reserved 1112064K
  class space    used 9416K, capacity 9933K, committed 10032K, reserved 1048576K
}
Event: 13.477 GC heap before
{Heap before GC invocations=19 (full 3):
 PSYoungGen      total 321024K, used 312010K [0x00000000e0000000, 0x00000000fbb00000, 0x0000000100000000)
  eden space 285184K, 100% used [0x00000000e0000000,0x00000000f1680000,0x00000000f1680000)
  from space 35840K, 74% used [0x00000000f1680000,0x00000000f30b28f0,0x00000000f3980000)
  to   space 37888K, 0% used [0x00000000f9600000,0x00000000f9600000,0x00000000fbb00000)
 ParOldGen       total 138752K, used 72516K [0x00000000a0000000, 0x00000000a8780000, 0x00000000e0000000)
  object space 138752K, 52% used [0x00000000a0000000,0x00000000a46d1190,0x00000000a8780000)
 Metaspace       used 70601K, capacity 72944K, committed 73264K, reserved 1112064K
  class space    used 9418K, capacity 9933K, committed 10032K, reserved 1048576K
Event: 13.520 GC heap after
Heap after GC invocations=19 (full 3):
 PSYoungGen      total 416256K, used 8074K [0x00000000e0000000, 0x00000000fbb80000, 0x0000000100000000)
  eden space 378368K, 0% used [0x00000000e0000000,0x00000000e0000000,0x00000000f7180000)
  from space 37888K, 21% used [0x00000000f9600000,0x00000000f9de29d0,0x00000000fbb00000)
  to   space 37376K, 0% used [0x00000000f7180000,0x00000000f7180000,0x00000000f9600000)
 ParOldGen       total 138752K, used 90423K [0x00000000a0000000, 0x00000000a8780000, 0x00000000e0000000)
  object space 138752K, 65% used [0x00000000a0000000,0x00000000a584ddf8,0x00000000a8780000)
 Metaspace       used 70601K, capacity 72944K, committed 73264K, reserved 1112064K
  class space    used 9418K, capacity 9933K, committed 10032K, reserved 1048576K
}
Event: 14.443 GC heap before
{Heap before GC invocations=20 (full 3):
 PSYoungGen      total 416256K, used 386442K [0x00000000e0000000, 0x00000000fbb80000, 0x0000000100000000)
  eden space 378368K, 100% used [0x00000000e0000000,0x00000000f7180000,0x00000000f7180000)
  from space 37888K, 21% used [0x00000000f9600000,0x00000000f9de29d0,0x00000000fbb00000)
  to   space 37376K, 0% used [0x00000000f7180000,0x00000000f7180000,0x00000000f9600000)
 ParOldGen       total 138752K, used 90423K [0x00000000a0000000, 0x00000000a8780000, 0x00000000e0000000)
  object space 138752K, 65% used [0x00000000a0000000,0x00000000a584ddf8,0x00000000a8780000)
 Metaspace       used 70622K, capacity 72944K, committed 73264K, reserved 1112064K
  class space    used 9418K, capacity 9933K, committed 10032K, reserved 1048576K

