# JRE version: OpenJDK Runtime Environment (8.0_152-b01) (build 1.8.0_152-release-1248-b01)
# Java VM: OpenJDK 64-Bit Server VM (25.152-b01 mixed mode linux-amd64 compressed oops)
Heap:
 PSYoungGen      total 66048K, used 4580K [0x00000000e0000000, 0x00000000e4500000, 0x0000000100000000)
  eden space 61440K, 0% used [0x00000000e0000000,0x00000000e0000000,0x00000000e3c00000)
  from space 4608K, 99% used [0x00000000e3c00000,0x00000000e4079060,0x00000000e4080000)
  to   space 4608K, 0% used [0x00000000e4080000,0x00000000e4080000,0x00000000e4500000)
 ParOldGen       total 80896K, used 10759K [0x00000000a0000000, 0x00000000a4f00000, 0x00000000e0000000)
  object space 80896K, 13% used [0x00000000a0000000,0x00000000a0a81fd0,0x00000000a4f00000)
 Metaspace       used 20663K, capacity 21096K, committed 21296K, reserved 1067008K
  class space    used 2909K, capacity 3083K, committed 3200K, reserved 1048576K
GC Heap History (9 events):
Event: 1.326 GC heap before
{Heap before GC invocations=1 (full 0):
 PSYoungGen      total 35328K, used 30720K [0x00000000e0000000, 0x00000000e2700000, 0x0000000100000000)
  eden space 30720K, 100% used [0x00000000e0000000,0x00000000e1e00000,0x00000000e1e00000)
  from space 4608K, 0% used [0x00000000e2280000,0x00000000e2280000,0x00000000e2700000)
  to   space 4608K, 0% used [0x00000000e1e00000,0x00000000e1e00000,0x00000000e2280000)
 ParOldGen       total 80896K, used 0K [0x00000000a0000000, 0x00000000a4f00000, 0x00000000e0000000)
  object space 80896K, 0% used [0x00000000a0000000,0x00000000a0000000,0x00000000a4f00000)
 Metaspace       used 6398K, capacity 6542K, committed 6784K, reserved 1056768K
  class space    used 786K, capacity 843K, committed 896K, reserved 1048576K
Event: 1.336 GC heap after
Heap after GC invocations=1 (full 0):
 PSYoungGen      total 35328K, used 3894K [0x00000000e0000000, 0x00000000e2700000, 0x0000000100000000)
  eden space 30720K, 0% used [0x00000000e0000000,0x00000000e0000000,0x00000000e1e00000)
  from space 4608K, 84% used [0x00000000e1e00000,0x00000000e21cd9c8,0x00000000e2280000)
  to   space 4608K, 0% used [0x00000000e2280000,0x00000000e2280000,0x00000000e2700000)
 ParOldGen       total 80896K, used 8K [0x00000000a0000000, 0x00000000a4f00000, 0x00000000e0000000)
  object space 80896K, 0% used [0x00000000a0000000,0x00000000a0002000,0x00000000a4f00000)
 Metaspace       used 6398K, capacity 6542K, committed 6784K, reserved 1056768K
  class space    used 786K, capacity 843K, committed 896K, reserved 1048576K
}
Event: 1.965 GC heap before
{Heap before GC invocations=2 (full 0):
 PSYoungGen      total 35328K, used 34614K [0x00000000e0000000, 0x00000000e2700000, 0x0000000100000000)
  eden space 30720K, 100% used [0x00000000e0000000,0x00000000e1e00000,0x00000000e1e00000)
  from space 4608K, 84% used [0x00000000e1e00000,0x00000000e21cd9c8,0x00000000e2280000)
  to   space 4608K, 0% used [0x00000000e2280000,0x00000000e2280000,0x00000000e2700000)
 ParOldGen       total 80896K, used 8K [0x00000000a0000000, 0x00000000a4f00000, 0x00000000e0000000)
  object space 80896K, 0% used [0x00000000a0000000,0x00000000a0002000,0x00000000a4f00000)
 Metaspace       used 9155K, capacity 9404K, committed 9600K, reserved 1056768K
  class space    used 1230K, capacity 1324K, committed 1408K, reserved 1048576K
Event: 2.000 GC heap after
Heap after GC invocations=2 (full 0):
 PSYoungGen      total 35328K, used 4593K [0x00000000e0000000, 0x00000000e4500000, 0x0000000100000000)
  eden space 30720K, 0% used [0x00000000e0000000,0x00000000e0000000,0x00000000e1e00000)
  from space 4608K, 99% used [0x00000000e2280000,0x00000000e26fc5a8,0x00000000e2700000)
  to   space 4608K, 0% used [0x00000000e1e00000,0x00000000e1e00000,0x00000000e2280000)
 ParOldGen       total 80896K, used 142K [0x00000000a0000000, 0x00000000a4f00000, 0x00000000e0000000)
  object space 80896K, 0% used [0x00000000a0000000,0x00000000a0023800,0x00000000a4f00000)
 Metaspace       used 9155K, capacity 9404K, committed 9600K, reserved 1056768K
  class space    used 1230K, capacity 1324K, committed 1408K, reserved 1048576K
}
Event: 3.290 GC heap before
{Heap before GC invocations=3 (full 0):
 PSYoungGen      total 35328K, used 35313K [0x00000000e0000000, 0x00000000e4500000, 0x0000000100000000)
  eden space 30720K, 100% used [0x00000000e0000000,0x00000000e1e00000,0x00000000e1e00000)
  from space 4608K, 99% used [0x00000000e2280000,0x00000000e26fc5a8,0x00000000e2700000)
  to   space 4608K, 0% used [0x00000000e1e00000,0x00000000e1e00000,0x00000000e2280000)
 ParOldGen       total 80896K, used 142K [0x00000000a0000000, 0x00000000a4f00000, 0x00000000e0000000)
  object space 80896K, 0% used [0x00000000a0000000,0x00000000a0023800,0x00000000a4f00000)
 Metaspace       used 13083K, capacity 13414K, committed 13568K, reserved 1060864K
  class space    used 1845K, capacity 1961K, committed 2048K, reserved 1048576K
Event: 3.308 GC heap after
Heap after GC invocations=3 (full 0):
 PSYoungGen      total 35328K, used 4578K [0x00000000e0000000, 0x00000000e4500000, 0x0000000100000000)
  eden space 30720K, 0% used [0x00000000e0000000,0x00000000e0000000,0x00000000e1e00000)
  from space 4608K, 99% used [0x00000000e1e00000,0x00000000e2278898,0x00000000e2280000)
  to   space 4608K, 0% used [0x00000000e4080000,0x00000000e4080000,0x00000000e4500000)
 ParOldGen       total 80896K, used 2324K [0x00000000a0000000, 0x00000000a4f00000, 0x00000000e0000000)
  object space 80896K, 2% used [0x00000000a0000000,0x00000000a0245338,0x00000000a4f00000)
 Metaspace       used 13083K, capacity 13414K, committed 13568K, reserved 1060864K
  class space    used 1845K, capacity 1961K, committed 2048K, reserved 1048576K
}
Event: 19.837 GC heap before
{Heap before GC invocations=4 (full 0):
 PSYoungGen      total 35328K, used 35298K [0x00000000e0000000, 0x00000000e4500000, 0x0000000100000000)
  eden space 30720K, 100% used [0x00000000e0000000,0x00000000e1e00000,0x00000000e1e00000)
  from space 4608K, 99% used [0x00000000e1e00000,0x00000000e2278898,0x00000000e2280000)
  to   space 4608K, 0% used [0x00000000e4080000,0x00000000e4080000,0x00000000e4500000)
 ParOldGen       total 80896K, used 2324K [0x00000000a0000000, 0x00000000a4f00000, 0x00000000e0000000)
  object space 80896K, 2% used [0x00000000a0000000,0x00000000a0245338,0x00000000a4f00000)
 Metaspace       used 16030K, capacity 16438K, committed 16640K, reserved 1062912K
  class space    used 2306K, capacity 2483K, committed 2560K, reserved 1048576K
Event: 19.965 GC heap after
Heap after GC invocations=4 (full 0):
 PSYoungGen      total 66048K, used 4592K [0x00000000e0000000, 0x00000000e4500000, 0x0000000100000000)
  eden space 61440K, 0% used [0x00000000e0000000,0x00000000e0000000,0x00000000e3c00000)
  from space 4608K, 99% used [0x00000000e4080000,0x00000000e44fc020,0x00000000e4500000)
  to   space 4608K, 0% used [0x00000000e3c00000,0x00000000e3c00000,0x00000000e4080000)
 ParOldGen       total 80896K, used 5568K [0x00000000a0000000, 0x00000000a4f00000, 0x00000000e0000000)
  object space 80896K, 6% used [0x00000000a0000000,0x00000000a05700c0,0x00000000a4f00000)
 Metaspace       used 16030K, capacity 16438K, committed 16640K, reserved 1062912K
  class space    used 2306K, capacity 2483K, committed 2560K, reserved 1048576K
}
Event: 65.836 GC heap before
{Heap before GC invocations=5 (full 0):
 PSYoungGen      total 66048K, used 44650K [0x00000000e0000000, 0x00000000e4500000, 0x0000000100000000)
  eden space 61440K, 65% used [0x00000000e0000000,0x00000000e271e840,0x00000000e3c00000)
  from space 4608K, 99% used [0x00000000e4080000,0x00000000e44fc020,0x00000000e4500000)
  to   space 4608K, 0% used [0x00000000e3c00000,0x00000000e3c00000,0x00000000e4080000)
 ParOldGen       total 80896K, used 5568K [0x00000000a0000000, 0x00000000a4f00000, 0x00000000e0000000)
  object space 80896K, 6% used [0x00000000a0000000,0x00000000a05700c0,0x00000000a4f00000)
 Metaspace       used 20663K, capacity 21096K, committed 21296K, reserved 1067008K
  class space    used 2909K, capacity 3083K, committed 3200K, reserved 1048576K

