# JRE version: OpenJDK Runtime Environment (8.0_152-b01) (build 1.8.0_152-release-1248-b01)
# Java VM: OpenJDK 64-Bit Server VM (25.152-b01 mixed mode linux-amd64 compressed oops)
Heap:
 PSYoungGen      total 402432K, used 46479K [0x00000000e0000000, 0x00000000fc100000, 0x0000000100000000)
  eden space 355328K, 0% used [0x00000000e0000000,0x00000000e0000000,0x00000000f5b00000)
  from space 47104K, 98% used [0x00000000f5b00000,0x00000000f8863c30,0x00000000f8900000)
  to   space 41984K, 0% used [0x00000000f8900000,0x00000000f8900000,0x00000000fb200000)
 ParOldGen       total 150016K, used 45763K [0x00000000a0000000, 0x00000000a9280000, 0x00000000e0000000)
  object space 150016K, 30% used [0x00000000a0000000,0x00000000a2cb0d60,0x00000000a9280000)
 Metaspace       used 72405K, capacity 74946K, committed 75056K, reserved 1114112K
  class space    used 9640K, capacity 10186K, committed 10288K, reserved 1048576K
GC Heap History (10 events):
Event: 6.477 GC heap after
Heap after GC invocations=11 (full 3):
 PSYoungGen      total 266240K, used 0K [0x00000000e0000000, 0x00000000f2780000, 0x0000000100000000)
  eden space 245248K, 0% used [0x00000000e0000000,0x00000000e0000000,0x00000000eef80000)
  from space 20992K, 0% used [0x00000000f0700000,0x00000000f0700000,0x00000000f1b80000)
  to   space 24064K, 0% used [0x00000000eef80000,0x00000000eef80000,0x00000000f0700000)
 ParOldGen       total 150016K, used 34033K [0x00000000a0000000, 0x00000000a9280000, 0x00000000e0000000)
  object space 150016K, 22% used [0x00000000a0000000,0x00000000a213c720,0x00000000a9280000)
 Metaspace       used 57600K, capacity 59028K, committed 59160K, reserved 1099776K
  class space    used 7866K, capacity 8273K, committed 8368K, reserved 1048576K
}
Event: 9.199 GC heap before
{Heap before GC invocations=12 (full 3):
 PSYoungGen      total 266240K, used 245248K [0x00000000e0000000, 0x00000000f2780000, 0x0000000100000000)
  eden space 245248K, 100% used [0x00000000e0000000,0x00000000eef80000,0x00000000eef80000)
  from space 20992K, 0% used [0x00000000f0700000,0x00000000f0700000,0x00000000f1b80000)
  to   space 24064K, 0% used [0x00000000eef80000,0x00000000eef80000,0x00000000f0700000)
 ParOldGen       total 150016K, used 34033K [0x00000000a0000000, 0x00000000a9280000, 0x00000000e0000000)
  object space 150016K, 22% used [0x00000000a0000000,0x00000000a213c720,0x00000000a9280000)
 Metaspace       used 70897K, capacity 73306K, committed 73392K, reserved 1112064K
  class space    used 9579K, capacity 10148K, committed 10160K, reserved 1048576K
Event: 9.237 GC heap after
Heap after GC invocations=12 (full 3):
 PSYoungGen      total 269312K, used 24039K [0x00000000e0000000, 0x00000000f5400000, 0x0000000100000000)
  eden space 245248K, 0% used [0x00000000e0000000,0x00000000e0000000,0x00000000eef80000)
  from space 24064K, 99% used [0x00000000eef80000,0x00000000f06f9d20,0x00000000f0700000)
  to   space 29184K, 0% used [0x00000000f3780000,0x00000000f3780000,0x00000000f5400000)
 ParOldGen       total 150016K, used 37488K [0x00000000a0000000, 0x00000000a9280000, 0x00000000e0000000)
  object space 150016K, 24% used [0x00000000a0000000,0x00000000a249c390,0x00000000a9280000)
 Metaspace       used 70897K, capacity 73306K, committed 73392K, reserved 1112064K
  class space    used 9579K, capacity 10148K, committed 10160K, reserved 1048576K
}
Event: 10.182 GC heap before
{Heap before GC invocations=13 (full 3):
 PSYoungGen      total 269312K, used 269287K [0x00000000e0000000, 0x00000000f5400000, 0x0000000100000000)
  eden space 245248K, 100% used [0x00000000e0000000,0x00000000eef80000,0x00000000eef80000)
  from space 24064K, 99% used [0x00000000eef80000,0x00000000f06f9d20,0x00000000f0700000)
  to   space 29184K, 0% used [0x00000000f3780000,0x00000000f3780000,0x00000000f5400000)
 ParOldGen       total 150016K, used 37488K [0x00000000a0000000, 0x00000000a9280000, 0x00000000e0000000)
  object space 150016K, 24% used [0x00000000a0000000,0x00000000a249c390,0x00000000a9280000)
 Metaspace       used 71694K, capacity 74170K, committed 74288K, reserved 1114112K
  class space    used 9620K, capacity 10186K, committed 10288K, reserved 1048576K
Event: 10.229 GC heap after
Heap after GC invocations=13 (full 3):
 PSYoungGen      total 311296K, used 29163K [0x00000000e0000000, 0x00000000f6e00000, 0x0000000100000000)
  eden space 282112K, 0% used [0x00000000e0000000,0x00000000e0000000,0x00000000f1380000)
  from space 29184K, 99% used [0x00000000f3780000,0x00000000f53fac60,0x00000000f5400000)
  to   space 36864K, 0% used [0x00000000f1380000,0x00000000f1380000,0x00000000f3780000)
 ParOldGen       total 150016K, used 45755K [0x00000000a0000000, 0x00000000a9280000, 0x00000000e0000000)
  object space 150016K, 30% used [0x00000000a0000000,0x00000000a2caed60,0x00000000a9280000)
 Metaspace       used 71694K, capacity 74170K, committed 74288K, reserved 1114112K
  class space    used 9620K, capacity 10186K, committed 10288K, reserved 1048576K
}
Event: 11.142 GC heap before
{Heap before GC invocations=14 (full 3):
 PSYoungGen      total 311296K, used 311275K [0x00000000e0000000, 0x00000000f6e00000, 0x0000000100000000)
  eden space 282112K, 100% used [0x00000000e0000000,0x00000000f1380000,0x00000000f1380000)
  from space 29184K, 99% used [0x00000000f3780000,0x00000000f53fac60,0x00000000f5400000)
  to   space 36864K, 0% used [0x00000000f1380000,0x00000000f1380000,0x00000000f3780000)
 ParOldGen       total 150016K, used 45755K [0x00000000a0000000, 0x00000000a9280000, 0x00000000e0000000)
  object space 150016K, 30% used [0x00000000a0000000,0x00000000a2caed60,0x00000000a9280000)
 Metaspace       used 72126K, capacity 74654K, committed 74800K, reserved 1114112K
  class space    used 9640K, capacity 10186K, committed 10288K, reserved 1048576K
Event: 11.205 GC heap after
Heap after GC invocations=14 (full 3):
 PSYoungGen      total 318976K, used 35451K [0x00000000e0000000, 0x00000000fb200000, 0x0000000100000000)
  eden space 282112K, 0% used [0x00000000e0000000,0x00000000e0000000,0x00000000f1380000)
  from space 36864K, 96% used [0x00000000f1380000,0x00000000f361ef80,0x00000000f3780000)
  to   space 41984K, 0% used [0x00000000f8900000,0x00000000f8900000,0x00000000fb200000)
 ParOldGen       total 150016K, used 45755K [0x00000000a0000000, 0x00000000a9280000, 0x00000000e0000000)
  object space 150016K, 30% used [0x00000000a0000000,0x00000000a2caed60,0x00000000a9280000)
 Metaspace       used 72126K, capacity 74654K, committed 74800K, reserved 1114112K
  class space    used 9640K, capacity 10186K, committed 10288K, reserved 1048576K
}
Event: 11.946 GC heap before
{Heap before GC invocations=15 (full 3):
 PSYoungGen      total 318976K, used 317563K [0x00000000e0000000, 0x00000000fb200000, 0x0000000100000000)
  eden space 282112K, 100% used [0x00000000e0000000,0x00000000f1380000,0x00000000f1380000)
  from space 36864K, 96% used [0x00000000f1380000,0x00000000f361ef80,0x00000000f3780000)
  to   space 41984K, 0% used [0x00000000f8900000,0x00000000f8900000,0x00000000fb200000)
 ParOldGen       total 150016K, used 45755K [0x00000000a0000000, 0x00000000a9280000, 0x00000000e0000000)
  object space 150016K, 30% used [0x00000000a0000000,0x00000000a2caed60,0x00000000a9280000)
 Metaspace       used 72202K, capacity 74726K, committed 75056K, reserved 1114112K
  class space    used 9640K, capacity 10186K, committed 10288K, reserved 1048576K
Event: 11.988 GC heap after
Heap after GC invocations=15 (full 3):
 PSYoungGen      total 397312K, used 38434K [0x00000000e0000000, 0x00000000fc100000, 0x0000000100000000)
  eden space 355328K, 0% used [0x00000000e0000000,0x00000000e0000000,0x00000000f5b00000)
  from space 41984K, 91% used [0x00000000f8900000,0x00000000fae888a0,0x00000000fb200000)
  to   space 47104K, 0% used [0x00000000f5b00000,0x00000000f5b00000,0x00000000f8900000)
 ParOldGen       total 150016K, used 45763K [0x00000000a0000000, 0x00000000a9280000, 0x00000000e0000000)
  object space 150016K, 30% used [0x00000000a0000000,0x00000000a2cb0d60,0x00000000a9280000)
 Metaspace       used 72202K, capacity 74726K, committed 75056K, reserved 1114112K
  class space    used 9640K, capacity 10186K, committed 10288K, reserved 1048576K
}
Event: 12.916 GC heap before
{Heap before GC invocations=16 (full 3):
 PSYoungGen      total 397312K, used 393762K [0x00000000e0000000, 0x00000000fc100000, 0x0000000100000000)
  eden space 355328K, 100% used [0x00000000e0000000,0x00000000f5b00000,0x00000000f5b00000)
  from space 41984K, 91% used [0x00000000f8900000,0x00000000fae888a0,0x00000000fb200000)
  to   space 47104K, 0% used [0x00000000f5b00000,0x00000000f5b00000,0x00000000f8900000)
 ParOldGen       total 150016K, used 45763K [0x00000000a0000000, 0x00000000a9280000, 0x00000000e0000000)
  object space 150016K, 30% used [0x00000000a0000000,0x00000000a2cb0d60,0x00000000a9280000)
 Metaspace       used 72405K, capacity 74946K, committed 75056K, reserved 1114112K
  class space    used 9640K, capacity 10186K, committed 10288K, reserved 1048576K

