# JRE version: OpenJDK Runtime Environment (8.0_152-b01) (build 1.8.0_152-release-1248-b01)
# Java VM: OpenJDK 64-Bit Server VM (25.152-b01 mixed mode linux-amd64 compressed oops)
Heap:
 PSYoungGen      total 476672K, used 0K [0x00000000e0000000, 0x0000000100000000, 0x0000000100000000)
  eden space 429056K, 0% used [0x00000000e0000000,0x00000000e0000000,0x00000000fa300000)
  from space 47616K, 0% used [0x00000000fa300000,0x00000000fa300000,0x00000000fd180000)
  to   space 47616K, 0% used [0x00000000fd180000,0x00000000fd180000,0x0000000100000000)
 ParOldGen       total 224256K, used 222370K [0x00000000a0000000, 0x00000000adb00000, 0x00000000e0000000)
  object space 224256K, 99% used [0x00000000a0000000,0x00000000ad928910,0x00000000adb00000)
 Metaspace       used 78159K, capacity 80804K, committed 80936K, reserved 1120256K
  class space    used 10169K, capacity 10723K, committed 10792K, reserved 1048576K
GC Heap History (10 events):
Event: 39.063 GC heap after
Heap after GC invocations=23 (full 3):
 PSYoungGen      total 474624K, used 8592K [0x00000000e0000000, 0x00000000ffd80000, 0x0000000100000000)
  eden space 430592K, 0% used [0x00000000e0000000,0x00000000e0000000,0x00000000fa480000)
  from space 44032K, 19% used [0x00000000fd280000,0x00000000fdae4010,0x00000000ffd80000)
  to   space 45568K, 0% used [0x00000000fa480000,0x00000000fa480000,0x00000000fd100000)
 ParOldGen       total 140800K, used 125505K [0x00000000a0000000, 0x00000000a8980000, 0x00000000e0000000)
  object space 140800K, 89% used [0x00000000a0000000,0x00000000a7a904a8,0x00000000a8980000)
 Metaspace       used 75731K, capacity 78154K, committed 78376K, reserved 1118208K
  class space    used 9895K, capacity 10432K, committed 10536K, reserved 1048576K
}
Event: 39.063 GC heap before
{Heap before GC invocations=24 (full 4):
 PSYoungGen      total 474624K, used 8592K [0x00000000e0000000, 0x00000000ffd80000, 0x0000000100000000)
  eden space 430592K, 0% used [0x00000000e0000000,0x00000000e0000000,0x00000000fa480000)
  from space 44032K, 19% used [0x00000000fd280000,0x00000000fdae4010,0x00000000ffd80000)
  to   space 45568K, 0% used [0x00000000fa480000,0x00000000fa480000,0x00000000fd100000)
 ParOldGen       total 140800K, used 125505K [0x00000000a0000000, 0x00000000a8980000, 0x00000000e0000000)
  object space 140800K, 89% used [0x00000000a0000000,0x00000000a7a904a8,0x00000000a8980000)
 Metaspace       used 75731K, capacity 78154K, committed 78376K, reserved 1118208K
  class space    used 9895K, capacity 10432K, committed 10536K, reserved 1048576K
Event: 39.312 GC heap after
Heap after GC invocations=24 (full 4):
 PSYoungGen      total 474624K, used 0K [0x00000000e0000000, 0x00000000ffd80000, 0x0000000100000000)
  eden space 430592K, 0% used [0x00000000e0000000,0x00000000e0000000,0x00000000fa480000)
  from space 44032K, 0% used [0x00000000fd280000,0x00000000fd280000,0x00000000ffd80000)
  to   space 45568K, 0% used [0x00000000fa480000,0x00000000fa480000,0x00000000fd100000)
 ParOldGen       total 209408K, used 66832K [0x00000000a0000000, 0x00000000acc80000, 0x00000000e0000000)
  object space 209408K, 31% used [0x00000000a0000000,0x00000000a4144138,0x00000000acc80000)
 Metaspace       used 75673K, capacity 77990K, committed 78376K, reserved 1118208K
  class space    used 9876K, capacity 10398K, committed 10536K, reserved 1048576K
}
Event: 42.086 GC heap before
{Heap before GC invocations=25 (full 4):
 PSYoungGen      total 474624K, used 430592K [0x00000000e0000000, 0x00000000ffd80000, 0x0000000100000000)
  eden space 430592K, 100% used [0x00000000e0000000,0x00000000fa480000,0x00000000fa480000)
  from space 44032K, 0% used [0x00000000fd280000,0x00000000fd280000,0x00000000ffd80000)
  to   space 45568K, 0% used [0x00000000fa480000,0x00000000fa480000,0x00000000fd100000)
 ParOldGen       total 209408K, used 66832K [0x00000000a0000000, 0x00000000acc80000, 0x00000000e0000000)
  object space 209408K, 31% used [0x00000000a0000000,0x00000000a4144138,0x00000000acc80000)
 Metaspace       used 76667K, capacity 79104K, committed 79144K, reserved 1118208K
  class space    used 9990K, capacity 10505K, committed 10536K, reserved 1048576K
Event: 42.101 GC heap after
Heap after GC invocations=25 (full 4):
 PSYoungGen      total 476160K, used 7959K [0x00000000e0000000, 0x00000000fff80000, 0x0000000100000000)
  eden space 430592K, 0% used [0x00000000e0000000,0x00000000e0000000,0x00000000fa480000)
  from space 45568K, 17% used [0x00000000fa480000,0x00000000fac45f18,0x00000000fd100000)
  to   space 44544K, 0% used [0x00000000fd400000,0x00000000fd400000,0x00000000fff80000)
 ParOldGen       total 209408K, used 66840K [0x00000000a0000000, 0x00000000acc80000, 0x00000000e0000000)
  object space 209408K, 31% used [0x00000000a0000000,0x00000000a4146138,0x00000000acc80000)
 Metaspace       used 76667K, capacity 79104K, committed 79144K, reserved 1118208K
  class space    used 9990K, capacity 10505K, committed 10536K, reserved 1048576K
}
Event: 44.160 GC heap before
{Heap before GC invocations=26 (full 4):
 PSYoungGen      total 476160K, used 438551K [0x00000000e0000000, 0x00000000fff80000, 0x0000000100000000)
  eden space 430592K, 100% used [0x00000000e0000000,0x00000000fa480000,0x00000000fa480000)
  from space 45568K, 17% used [0x00000000fa480000,0x00000000fac45f18,0x00000000fd100000)
  to   space 44544K, 0% used [0x00000000fd400000,0x00000000fd400000,0x00000000fff80000)
 ParOldGen       total 209408K, used 73969K [0x00000000a0000000, 0x00000000acc80000, 0x00000000e0000000)
  object space 209408K, 35% used [0x00000000a0000000,0x00000000a483c7b0,0x00000000acc80000)
 Metaspace       used 78062K, capacity 80686K, committed 80936K, reserved 1120256K
  class space    used 10167K, capacity 10734K, committed 10792K, reserved 1048576K
Event: 44.182 GC heap after
Heap after GC invocations=26 (full 4):
 PSYoungGen      total 473600K, used 33137K [0x00000000e0000000, 0x0000000100000000, 0x0000000100000000)
  eden space 429056K, 0% used [0x00000000e0000000,0x00000000e0000000,0x00000000fa300000)
  from space 44544K, 74% used [0x00000000fd400000,0x00000000ff45c7e8,0x00000000fff80000)
  to   space 47616K, 0% used [0x00000000fa300000,0x00000000fa300000,0x00000000fd180000)
 ParOldGen       total 209408K, used 77605K [0x00000000a0000000, 0x00000000acc80000, 0x00000000e0000000)
  object space 209408K, 37% used [0x00000000a0000000,0x00000000a4bc97e0,0x00000000acc80000)
 Metaspace       used 78062K, capacity 80686K, committed 80936K, reserved 1120256K
  class space    used 10167K, capacity 10734K, committed 10792K, reserved 1048576K
}
Event: 44.609 GC heap before
{Heap before GC invocations=27 (full 4):
 PSYoungGen      total 473600K, used 462193K [0x00000000e0000000, 0x0000000100000000, 0x0000000100000000)
  eden space 429056K, 100% used [0x00000000e0000000,0x00000000fa300000,0x00000000fa300000)
  from space 44544K, 74% used [0x00000000fd400000,0x00000000ff45c7e8,0x00000000fff80000)
  to   space 47616K, 0% used [0x00000000fa300000,0x00000000fa300000,0x00000000fd180000)
 ParOldGen       total 209408K, used 103748K [0x00000000a0000000, 0x00000000acc80000, 0x00000000e0000000)
  object space 209408K, 49% used [0x00000000a0000000,0x00000000a6551308,0x00000000acc80000)
 Metaspace       used 78188K, capacity 80870K, committed 80936K, reserved 1120256K
  class space    used 10180K, capacity 10742K, committed 10792K, reserved 1048576K
Event: 44.710 GC heap after
Heap after GC invocations=27 (full 4):
 PSYoungGen      total 476672K, used 47596K [0x00000000e0000000, 0x0000000100000000, 0x0000000100000000)
  eden space 429056K, 0% used [0x00000000e0000000,0x00000000e0000000,0x00000000fa300000)
  from space 47616K, 99% used [0x00000000fa300000,0x00000000fd17b010,0x00000000fd180000)
  to   space 47616K, 0% used [0x00000000fd180000,0x00000000fd180000,0x0000000100000000)
 ParOldGen       total 224256K, used 222839K [0x00000000a0000000, 0x00000000adb00000, 0x00000000e0000000)
  object space 224256K, 99% used [0x00000000a0000000,0x00000000ad99dfa0,0x00000000adb00000)
 Metaspace       used 78188K, capacity 80870K, committed 80936K, reserved 1120256K
  class space    used 10180K, capacity 10742K, committed 10792K, reserved 1048576K
}
Event: 44.710 GC heap before
{Heap before GC invocations=28 (full 5):
 PSYoungGen      total 476672K, used 47596K [0x00000000e0000000, 0x0000000100000000, 0x0000000100000000)
  eden space 429056K, 0% used [0x00000000e0000000,0x00000000e0000000,0x00000000fa300000)
  from space 47616K, 99% used [0x00000000fa300000,0x00000000fd17b010,0x00000000fd180000)
  to   space 47616K, 0% used [0x00000000fd180000,0x00000000fd180000,0x0000000100000000)
 ParOldGen       total 224256K, used 222839K [0x00000000a0000000, 0x00000000adb00000, 0x00000000e0000000)
  object space 224256K, 99% used [0x00000000a0000000,0x00000000ad99dfa0,0x00000000adb00000)
 Metaspace       used 78188K, capacity 80870K, committed 80936K, reserved 1120256K
  class space    used 10180K, capacity 10742K, committed 10792K, reserved 1048576K

